{"$message_type":"diagnostic","message":"couldn't read `ebpf_congestion_signals/src/../../target/bpfel-unknown-none/debug/congestion_signals`: No such file or directory (os error 2)","code":null,"level":"error","spans":[{"file_name":"/home/dell/.cargo/registry/src/index.crates.io-1949cf8c6b5b557f/aya-0.12.0/src/util.rs","byte_start":11198,"byte_end":11219,"line_start":340,"line_end":340,"column_start":21,"column_end":42,"is_primary":true,"text":[{"text":"            bytes: *include_bytes!($path),","highlight_start":21,"highlight_end":42}],"label":null,"suggested_replacement":null,"suggestion_applicability":null,"expansion":{"span":{"file_name":"/home/dell/.cargo/registry/src/index.crates.io-1949cf8c6b5b557f/aya-0.12.0/src/util.rs","byte_start":11198,"byte_end":11219,"line_start":340,"line_end":340,"column_start":21,"column_end":42,"is_primary":false,"text":[{"text":"            bytes: *include_bytes!($path),","highlight_start":21,"highlight_end":42}],"label":null,"suggested_replacement":null,"suggestion_applicability":null,"expansion":{"span":{"file_name":"ebpf_congestion_signals/src/lib.rs","byte_start":2678,"byte_end":2782,"line_start":121,"line_end":123,"column_start":35,"column_end":10,"is_primary":false,"text":[{"text":"        let mut ebpf = Ebpf::load(include_bytes_aligned!(","highlight_start":35,"highlight_end":58},{"text":"            \"../../target/bpfel-unknown-none/debug/congestion_signals\"","highlight_start":1,"highlight_end":71},{"text":"        ))?;","highlight_start":1,"highlight_end":10}],"label":null,"suggested_replacement":null,"suggestion_applicability":null,"expansion":null},"macro_decl_name":"include_bytes_aligned!","def_site_span":{"file_name":"/home/dell/.cargo/registry/src/index.crates.io-1949cf8c6b5b557f/aya-0.12.0/src/util.rs","byte_start":10841,"byte_end":10875,"line_start":327,"line_end":327,"column_start":1,"column_end":35,"is_primary":false,"text":[{"text":"macro_rules! include_bytes_aligned {","highlight_start":1,"highlight_end":35}],"label":null,"suggested_replacement":null,"suggestion_applicability":null,"expansion":null}}},"macro_decl_name":"include_bytes!","def_site_span":{"file_name":"/home/dell/.rustup/toolchains/stable-x86_64-unknown-linux-gnu/lib/rustlib/src/rust/library/core/src/macros/mod.rs","byte_start":48445,"byte_end":48471,"line_start":1360,"line_end":1360,"column_start":5,"column_end":31,"is_primary":false,"text":[{"text":"    macro_rules! include_bytes {","highlight_start":5,"highlight_end":31}],"label":null,"suggested_replacement":null,"suggestion_applicability":null,"expansion":null}}}],"children":[],"rendered":"\u001b[1m\u001b[91merror\u001b[0m\u001b[1m: couldn't read `ebpf_congestion_signals/src/../../target/bpfel-unknown-none/debug/congestion_signals`: No such file or directory (os error 2)\u001b[0m\n   \u001b[1m\u001b[94m--> \u001b[0mebpf_congestion_signals/src/lib.rs:121:35\n    \u001b[1m\u001b[94m|\u001b[0m\n\u001b[1m\u001b[94m121\u001b[0m \u001b[1m\u001b[94m|\u001b[0m           let mut ebpf = Ebpf::load(include_bytes_aligned!(\n    \u001b[1m\u001b[94m|\u001b[0m \u001b[1m\u001b[91m ___________________________________^\u001b[0m\n\u001b[1m\u001b[94m122\u001b[0m \u001b[1m\u001b[94m|\u001b[0m \u001b[1m\u001b[91m|\u001b[0m             \"../../target/bpfel-unknown-none/debug/congestion_signals\"\n\u001b[1m\u001b[94m123\u001b[0m \u001b[1m\u001b[94m|\u001b[0m \u001b[1m\u001b[91m|\u001b[0m         ))?;\n    \u001b[1m\u001b[94m|\u001b[0m \u001b[1m\u001b[91m|_________^\u001b[0m\n    \u001b[1m\u001b[94m|\u001b[0m\n    \u001b[1m\u001b[94m= \u001b[0m\u001b[1mnote\u001b[0m: this error originates in the macro `include_bytes` which comes from the expansion of the macro `include_bytes_aligned` (in Nightly builds, run with -Z macro-backtrace for more info)\n\n"}
{"$message_type":"diagnostic","message":"unresolved import `aya::Ebpf`","code":{"code":"E0432","explanation":"An import was unresolved.\n\nErroneous code example:\n\n```compile_fail,E0432\nuse something::Foo; // error: unresolved import `something::Foo`.\n```\n\nIn Rust 2015, paths in `use` statements are relative to the crate root. To\nimport items relative to the current and parent modules, use the `self::` and\n`super::` prefixes, respectively.\n\nIn Rust 2018 or later, paths in `use` statements are relative to the current\nmodule unless they begin with the name of a crate or a literal `crate::`, in\nwhich case they start from the crate root. As in Rust 2015 code, the `self::`\nand `super::` prefixes refer to the current and parent modules respectively.\n\nAlso verify that you didn't misspell the import name and that the import exists\nin the module from where you tried to import it. Example:\n\n```\nuse self::something::Foo; // Ok.\n\nmod something {\n    pub struct Foo;\n}\n# fn main() {}\n```\n\nIf you tried to use a module from an external crate and are using Rust 2015,\nyou may have missed the `extern crate` declaration (which is usually placed in\nthe crate root):\n\n```edition2015\nextern crate core; // Required to use the `core` crate in Rust 2015.\n\nuse core::any;\n# fn main() {}\n```\n\nSince Rust 2018 the `extern crate` declaration is not required and\nyou can instead just `use` it:\n\n```edition2018\nuse core::any; // No extern crate required in Rust 2018.\n# fn main() {}\n```\n"},"level":"error","spans":[{"file_name":"ebpf_congestion_signals/src/lib.rs","byte_start":204,"byte_end":208,"line_start":7,"line_end":7,"column_start":5,"column_end":9,"is_primary":true,"text":[{"text":"    Ebpf,","highlight_start":5,"highlight_end":9}],"label":"no `Ebpf` in the root","suggested_replacement":null,"suggestion_applicability":null,"expansion":null}],"children":[{"message":"a similar name exists in the module","code":null,"level":"help","spans":[{"file_name":"ebpf_congestion_signals/src/lib.rs","byte_start":204,"byte_end":208,"line_start":7,"line_end":7,"column_start":5,"column_end":9,"is_primary":true,"text":[{"text":"    Ebpf,","highlight_start":5,"highlight_end":9}],"label":null,"suggested_replacement":"bpf","suggestion_applicability":"MaybeIncorrect","expansion":null}],"children":[],"rendered":null}],"rendered":"\u001b[1m\u001b[91merror[E0432]\u001b[0m\u001b[1m: unresolved import `aya::Ebpf`\u001b[0m\n \u001b[1m\u001b[94m--> \u001b[0mebpf_congestion_signals/src/lib.rs:7:5\n  \u001b[1m\u001b[94m|\u001b[0m\n\u001b[1m\u001b[94m7\u001b[0m \u001b[1m\u001b[94m|\u001b[0m     Ebpf,\n  \u001b[1m\u001b[94m|\u001b[0m     \u001b[1m\u001b[91m^^^^\u001b[0m\n  \u001b[1m\u001b[94m|\u001b[0m     \u001b[1m\u001b[91m|\u001b[0m\n  \u001b[1m\u001b[94m|\u001b[0m     \u001b[1m\u001b[91mno `Ebpf` in the root\u001b[0m\n  \u001b[1m\u001b[94m|\u001b[0m     \u001b[1m\u001b[91mhelp: a similar name exists in the module: `bpf`\u001b[0m\n\n"}
{"$message_type":"diagnostic","message":"type annotations needed","code":{"code":"E0282","explanation":"The compiler could not infer a type and asked for a type annotation.\n\nErroneous code example:\n\n```compile_fail,E0282\nlet x = Vec::new();\n```\n\nThis error indicates that type inference did not result in one unique possible\ntype, and extra information is required. In most cases this can be provided\nby adding a type annotation. Sometimes you need to specify a generic type\nparameter manually.\n\nIn the example above, type `Vec` has a type parameter `T`. When calling\n`Vec::new`, barring any other later usage of the variable `x` that allows the\ncompiler to infer what type `T` is, the compiler needs to be told what it is.\n\nThe type can be specified on the variable:\n\n```\nlet x: Vec<i32> = Vec::new();\n```\n\nThe type can also be specified in the path of the expression:\n\n```\nlet x = Vec::<i32>::new();\n```\n\nIn cases with more complex types, it is not necessary to annotate the full\ntype. Once the ambiguity is resolved, the compiler can infer the rest:\n\n```\nlet x: Vec<_> = \"hello\".chars().rev().collect();\n```\n\nAnother way to provide the compiler with enough information, is to specify the\ngeneric type parameter:\n\n```\nlet x = \"hello\".chars().rev().collect::<Vec<char>>();\n```\n\nAgain, you need not specify the full type if the compiler can infer it:\n\n```\nlet x = \"hello\".chars().rev().collect::<Vec<_>>();\n```\n\nApart from a method or function with a generic type parameter, this error can\noccur when a type parameter of a struct or trait cannot be inferred. In that\ncase it is not always possible to use a type annotation, because all candidates\nhave the same return type. For instance:\n\n```compile_fail,E0282\nstruct Foo<T> {\n    num: T,\n}\n\nimpl<T> Foo<T> {\n    fn bar() -> i32 {\n        0\n    }\n\n    fn baz() {\n        let number = Foo::bar();\n    }\n}\n```\n\nThis will fail because the compiler does not know which instance of `Foo` to\ncall `bar` on. Change `Foo::bar()` to `Foo::<T>::bar()` to resolve the error.\n"},"level":"error","spans":[{"file_name":"ebpf_congestion_signals/src/lib.rs","byte_start":4668,"byte_end":4703,"line_start":175,"line_end":175,"column_start":34,"column_end":69,"is_primary":true,"text":[{"text":"                    let events = buf.read_events(&mut buffers).await.unwrap();","highlight_start":34,"highlight_end":69}],"label":"cannot infer type","suggested_replacement":null,"suggestion_applicability":null,"expansion":null}],"children":[],"rendered":"\u001b[1m\u001b[91merror[E0282]\u001b[0m\u001b[1m: type annotations needed\u001b[0m\n   \u001b[1m\u001b[94m--> \u001b[0mebpf_congestion_signals/src/lib.rs:175:34\n    \u001b[1m\u001b[94m|\u001b[0m\n\u001b[1m\u001b[94m175\u001b[0m \u001b[1m\u001b[94m|\u001b[0m                     let events = buf.read_events(&mut buffers).await.unwrap();\n    \u001b[1m\u001b[94m|\u001b[0m                                  \u001b[1m\u001b[91m^^^^^^^^^^^^^^^^^^^^^^^^^^^^^^^^^^^\u001b[0m \u001b[1m\u001b[91mcannot infer type\u001b[0m\n\n"}
{"$message_type":"diagnostic","message":"the trait bound `CongestionEvent: Plain` is not satisfied","code":{"code":"E0277","explanation":"You tried to use a type which doesn't implement some trait in a place which\nexpected that trait.\n\nErroneous code example:\n\n```compile_fail,E0277\n// here we declare the Foo trait with a bar method\ntrait Foo {\n    fn bar(&self);\n}\n\n// we now declare a function which takes an object implementing the Foo trait\nfn some_func<T: Foo>(foo: T) {\n    foo.bar();\n}\n\nfn main() {\n    // we now call the method with the i32 type, which doesn't implement\n    // the Foo trait\n    some_func(5i32); // error: the trait bound `i32 : Foo` is not satisfied\n}\n```\n\nIn order to fix this error, verify that the type you're using does implement\nthe trait. Example:\n\n```\ntrait Foo {\n    fn bar(&self);\n}\n\n// we implement the trait on the i32 type\nimpl Foo for i32 {\n    fn bar(&self) {}\n}\n\nfn some_func<T: Foo>(foo: T) {\n    foo.bar(); // we can now use this method since i32 implements the\n               // Foo trait\n}\n\nfn main() {\n    some_func(5i32); // ok!\n}\n```\n\nOr in a generic context, an erroneous code example would look like:\n\n```compile_fail,E0277\nfn some_func<T>(foo: T) {\n    println!(\"{:?}\", foo); // error: the trait `core::fmt::Debug` is not\n                           //        implemented for the type `T`\n}\n\nfn main() {\n    // We now call the method with the i32 type,\n    // which *does* implement the Debug trait.\n    some_func(5i32);\n}\n```\n\nNote that the error here is in the definition of the generic function. Although\nwe only call it with a parameter that does implement `Debug`, the compiler\nstill rejects the function. It must work with all possible input types. In\norder to make this example compile, we need to restrict the generic type we're\naccepting:\n\n```\nuse std::fmt;\n\n// Restrict the input type to types that implement Debug.\nfn some_func<T: fmt::Debug>(foo: T) {\n    println!(\"{:?}\", foo);\n}\n\nfn main() {\n    // Calling the method is still fine, as i32 implements Debug.\n    some_func(5i32);\n\n    // This would fail to compile now:\n    // struct WithoutDebug;\n    // some_func(WithoutDebug);\n}\n```\n\nRust only looks at the signature of the called function, as such it must\nalready specify all requirements that will be used for every type parameter.\n"},"level":"error","spans":[{"file_name":"ebpf_congestion_signals/src/lib.rs","byte_start":4877,"byte_end":4892,"line_start":178,"line_end":178,"column_start":49,"column_end":64,"is_primary":true,"text":[{"text":"                            plain::from_bytes::<CongestionEvent>(buf.as_ref()).unwrap()","highlight_start":49,"highlight_end":64}],"label":"unsatisfied trait bound","suggested_replacement":null,"suggestion_applicability":null,"expansion":null}],"children":[{"message":"the trait `Plain` is not implemented for `CongestionEvent`","code":null,"level":"help","spans":[{"file_name":"ebpf_congestion_signals/src/lib.rs","byte_start":417,"byte_end":443,"line_start":20,"line_end":20,"column_start":1,"column_end":27,"is_primary":true,"text":[{"text":"pub struct CongestionEvent {","highlight_start":1,"highlight_end":27}],"label":null,"suggested_replacement":null,"suggestion_applicability":null,"expansion":null}],"children":[],"rendered":null},{"message":"the following other types implement trait `Plain`:\n  [S]\n  i16\n  i32\n  i64\n  i8\n  isize\n  u16\n  u32\nand 3 others","code":null,"level":"help","spans":[],"children":[],"rendered":null},{"message":"required by a bound in `plain::from_bytes`","code":null,"level":"note","spans":[{"file_name":"/home/dell/.cargo/registry/src/index.crates.io-1949cf8c6b5b557f/plain-0.2.3/src/methods.rs","byte_start":1896,"byte_end":1906,"line_start":72,"line_end":72,"column_start":8,"column_end":18,"is_primary":false,"text":[{"text":"pub fn from_bytes<T>(bytes: &[u8]) -> Result<&T, Error>","highlight_start":8,"highlight_end":18}],"label":"required by a bound in this function","suggested_replacement":null,"suggestion_applicability":null,"expansion":null},{"file_name":"/home/dell/.cargo/registry/src/index.crates.io-1949cf8c6b5b557f/plain-0.2.3/src/methods.rs","byte_start":1958,"byte_end":1963,"line_start":74,"line_end":74,"column_start":8,"column_end":13,"is_primary":true,"text":[{"text":"    T: Plain,","highlight_start":8,"highlight_end":13}],"label":"required by this bound in `from_bytes`","suggested_replacement":null,"suggestion_applicability":null,"expansion":null}],"children":[],"rendered":null}],"rendered":"\u001b[1m\u001b[91merror[E0277]\u001b[0m\u001b[1m: the trait bound `CongestionEvent: Plain` is not satisfied\u001b[0m\n   \u001b[1m\u001b[94m--> \u001b[0mebpf_congestion_signals/src/lib.rs:178:49\n    \u001b[1m\u001b[94m|\u001b[0m\n\u001b[1m\u001b[94m178\u001b[0m \u001b[1m\u001b[94m|\u001b[0m \u001b[1m\u001b[94m...\u001b[0m                   plain::from_bytes::<CongestionEvent>(buf.as_ref()).unwrap()\n    \u001b[1m\u001b[94m|\u001b[0m                                           \u001b[1m\u001b[91m^^^^^^^^^^^^^^^\u001b[0m \u001b[1m\u001b[91munsatisfied trait bound\u001b[0m\n    \u001b[1m\u001b[94m|\u001b[0m\n\u001b[1m\u001b[96mhelp\u001b[0m: the trait `Plain` is not implemented for `CongestionEvent`\n   \u001b[1m\u001b[94m--> \u001b[0mebpf_congestion_signals/src/lib.rs:20:1\n    \u001b[1m\u001b[94m|\u001b[0m\n \u001b[1m\u001b[94m20\u001b[0m \u001b[1m\u001b[94m|\u001b[0m pub struct CongestionEvent {\n    \u001b[1m\u001b[94m|\u001b[0m \u001b[1m\u001b[96m^^^^^^^^^^^^^^^^^^^^^^^^^^\u001b[0m\n    \u001b[1m\u001b[94m= \u001b[0m\u001b[1mhelp\u001b[0m: the following other types implement trait `Plain`:\n              [S]\n              i16\n              i32\n              i64\n              i8\n              isize\n              u16\n              u32\n            and 3 others\n\u001b[1m\u001b[92mnote\u001b[0m: required by a bound in `plain::from_bytes`\n   \u001b[1m\u001b[94m--> \u001b[0m/home/dell/.cargo/registry/src/index.crates.io-1949cf8c6b5b557f/plain-0.2.3/src/methods.rs:74:8\n    \u001b[1m\u001b[94m|\u001b[0m\n \u001b[1m\u001b[94m72\u001b[0m \u001b[1m\u001b[94m|\u001b[0m pub fn from_bytes<T>(bytes: &[u8]) -> Result<&T, Error>\n    \u001b[1m\u001b[94m|\u001b[0m        \u001b[1m\u001b[94m----------\u001b[0m \u001b[1m\u001b[94mrequired by a bound in this function\u001b[0m\n \u001b[1m\u001b[94m73\u001b[0m \u001b[1m\u001b[94m|\u001b[0m where\n \u001b[1m\u001b[94m74\u001b[0m \u001b[1m\u001b[94m|\u001b[0m     T: Plain,\n    \u001b[1m\u001b[94m|\u001b[0m        \u001b[1m\u001b[92m^^^^^\u001b[0m \u001b[1m\u001b[92mrequired by this bound in `from_bytes`\u001b[0m\n\n"}
{"$message_type":"diagnostic","message":"no method named `count` found for struct `Vec<u32>` in the current scope","code":{"code":"E0599","explanation":"This error occurs when a method is used on a type which doesn't implement it:\n\nErroneous code example:\n\n```compile_fail,E0599\nstruct Mouth;\n\nlet x = Mouth;\nx.chocolate(); // error: no method named `chocolate` found for type `Mouth`\n               //        in the current scope\n```\n\nIn this case, you need to implement the `chocolate` method to fix the error:\n\n```\nstruct Mouth;\n\nimpl Mouth {\n    fn chocolate(&self) { // We implement the `chocolate` method here.\n        println!(\"Hmmm! I love chocolate!\");\n    }\n}\n\nlet x = Mouth;\nx.chocolate(); // ok!\n```\n"},"level":"error","spans":[{"file_name":"ebpf_congestion_signals/src/lib.rs","byte_start":5147,"byte_end":5152,"line_start":187,"line_end":187,"column_start":74,"column_end":79,"is_primary":true,"text":[{"text":"        log::info!(\"Started event collection on {} CPUs\", online_cpus()?.count());","highlight_start":74,"highlight_end":79}],"label":"method cannot be called on `Vec<u32>` due to unsatisfied trait bounds","suggested_replacement":null,"suggestion_applicability":null,"expansion":null}],"children":[{"message":"`count` is defined on `Iterator`, which `Vec<u32>` does not implement","code":null,"level":"note","spans":[],"children":[],"rendered":null},{"message":"consider using `len` instead","code":null,"level":"help","spans":[{"file_name":"ebpf_congestion_signals/src/lib.rs","byte_start":5147,"byte_end":5152,"line_start":187,"line_end":187,"column_start":74,"column_end":79,"is_primary":true,"text":[{"text":"        log::info!(\"Started event collection on {} CPUs\", online_cpus()?.count());","highlight_start":74,"highlight_end":79}],"label":null,"suggested_replacement":"len","suggestion_applicability":"MachineApplicable","expansion":null}],"children":[],"rendered":null}],"rendered":"\u001b[1m\u001b[91merror[E0599]\u001b[0m\u001b[1m: no method named `count` found for struct `Vec<u32>` in the current scope\u001b[0m\n   \u001b[1m\u001b[94m--> \u001b[0mebpf_congestion_signals/src/lib.rs:187:74\n    \u001b[1m\u001b[94m|\u001b[0m\n\u001b[1m\u001b[94m187\u001b[0m \u001b[1m\u001b[94m|\u001b[0m         log::info!(\"Started event collection on {} CPUs\", online_cpus()?.count());\n    \u001b[1m\u001b[94m|\u001b[0m                                                                          \u001b[1m\u001b[91m^^^^^\u001b[0m\n    \u001b[1m\u001b[94m|\u001b[0m                                                                          \u001b[1m\u001b[91m|\u001b[0m\n    \u001b[1m\u001b[94m|\u001b[0m                                                                          \u001b[1m\u001b[91mmethod cannot be called on `Vec<u32>` due to unsatisfied trait bounds\u001b[0m\n    \u001b[1m\u001b[94m|\u001b[0m                                                                          \u001b[1m\u001b[91mhelp: consider using `len` instead\u001b[0m\n    \u001b[1m\u001b[94m|\u001b[0m\n    \u001b[1m\u001b[94m= \u001b[0m\u001b[1mnote\u001b[0m: `count` is defined on `Iterator`, which `Vec<u32>` does not implement\n\n"}
{"$message_type":"diagnostic","message":"aborting due to 5 previous errors","code":null,"level":"error","spans":[],"children":[],"rendered":"\u001b[1m\u001b[91merror\u001b[0m\u001b[1m: aborting due to 5 previous errors\u001b[0m\n\n"}
{"$message_type":"diagnostic","message":"Some errors have detailed explanations: E0277, E0282, E0432, E0599.","code":null,"level":"failure-note","spans":[],"children":[],"rendered":"\u001b[1mSome errors have detailed explanations: E0277, E0282, E0432, E0599.\u001b[0m\n"}
{"$message_type":"diagnostic","message":"For more information about an error, try `rustc --explain E0277`.","code":null,"level":"failure-note","spans":[],"children":[],"rendered":"\u001b[1mFor more information about an error, try `rustc --explain E0277`.\u001b[0m\n"}
